<?xml version="1.0" encoding="UTF-8"?>
<!-- Generated by org.testng.reporters.JUnitXMLReporter -->
<testsuite hostname="INL-11HSR72" ignored="7" name="Test" tests="2" failures="0" timestamp="09 Feb 2018 12:27:38 GMT" time="114.987" errors="0">
  <testcase name="TestCase01" time="3.546" classname="com.paragon.netapp.tests.loginTest"/>
  <testcase name="addUser" time="51.86" classname="com.paragon.netapp.tests.TestUserScenarios"/>
  <testcase name="@BeforeTest launchApp" time="0.0" classname="com.paragon.netapp.tests.BaseTest">
    <ignored/>
  </testcase> <!-- @BeforeTest launchApp -->
  <testcase name="editUserByUsername" time="0.0" classname="com.paragon.netapp.tests.TestUserScenarios">
    <ignored/>
  </testcase> <!-- editUserByUsername -->
  <testcase name="logintoApp" time="0.0" classname="com.paragon.netapp.tests.TestUserScenarios">
    <ignored/>
  </testcase> <!-- logintoApp -->
  <testcase name="TestCas02" time="0.0" classname="com.paragon.netapp.tests.loginTest">
    <ignored/>
  </testcase> <!-- TestCas02 -->
  <testcase name="editUserByRole" time="0.0" classname="com.paragon.netapp.tests.TestUserScenarios">
    <ignored/>
  </testcase> <!-- editUserByRole -->
  <testcase name="deleteUser" time="0.0" classname="com.paragon.netapp.tests.TestUserScenarios">
    <ignored/>
  </testcase> <!-- deleteUser -->
  <testcase name="@BeforeSuite launchBrowser" time="0.0" classname="com.paragon.netapp.tests.BaseTest">
    <ignored/>
  </testcase> <!-- @BeforeSuite launchBrowser -->
</testsuite> <!-- Test -->
